<?xml version="1.0" encoding="UTF-8"?>
<!-- Generated by org.testng.reporters.JUnitReportReporter -->
<testsuite hostname="DESKTOP-1C9UVEJ" failures="0" tests="3" name="TestNG_advantages.failed" time="0.015" errors="0" timestamp="2022-08-22T10:10:19 IST" skipped="0">
  <testcase classname="TestNG_advantages.failed" name="TC2" time="0.012"/>
  <system-out>
    <![CDATA[Running tc2]]>
  </system-out>
  <testcase classname="TestNG_advantages.failed" name="TC3" time="0.002"/>
  <system-out>
    <![CDATA[Running tc3]]>
  </system-out>
  <testcase classname="TestNG_advantages.failed" name="Tc1" time="0.001"/>
  <system-out>
    <![CDATA[Running tc1]]>
  </system-out>
</testsuite> <!-- TestNG_advantages.failed -->
