<?xml version="1.0" encoding="UTF-8"?>
<!-- Generated by org.testng.reporters.JUnitReportReporter -->
<testsuite hostname="DESKTOP-1C9UVEJ" failures="0" tests="3" name="TestNG_advantages.Sample3" time="0.002" errors="0" timestamp="2022-08-20T11:57:43 IST" skipped="0">
  <testcase classname="TestNG_advantages.Sample3" name="TC8" time="0.000"/>
  <system-out>
    <![CDATA[Running tc8]]>
  </system-out>
  <testcase classname="TestNG_advantages.Sample3" name="TC9" time="0.001"/>
  <system-out>
    <![CDATA[Running tc9]]>
  </system-out>
  <testcase classname="TestNG_advantages.Sample3" name="Tc7" time="0.001"/>
  <system-out>
    <![CDATA[Running tc7]]>
  </system-out>
</testsuite> <!-- TestNG_advantages.Sample3 -->
