<?xml version="1.0" encoding="UTF-8"?>
<!-- Generated by org.testng.reporters.JUnitReportReporter -->
<testsuite hostname="DESKTOP-1C9UVEJ" failures="0" tests="1" name="TestNG_advantages.Annotation" time="0.002" errors="0" timestamp="2022-08-20T11:52:01 IST" skipped="0">
  <testcase classname="TestNG_advantages.Annotation" name="verifyID" time="0.002"/>
  <system-out>
    <![CDATA[verify the userID]]>
  </system-out>
</testsuite> <!-- TestNG_advantages.Annotation -->
