<?xml version="1.0" encoding="UTF-8"?>
<!-- Generated by org.testng.reporters.JUnitReportReporter -->
<testsuite hostname="DESKTOP-1C9UVEJ" failures="0" tests="1" name="testNg_programs.Assert_false" time="0.041" errors="0" timestamp="2022-08-22T22:25:57 IST" skipped="0">
  <testcase classname="testNg_programs.Assert_false" name="TC4" time="0.041"/>
  <system-out>
    <![CDATA[running tc4]]>
  </system-out>
</testsuite> <!-- testNg_programs.Assert_false -->
