<?xml version="1.0" encoding="UTF-8"?>
<!-- Generated by org.testng.reporters.JUnitReportReporter -->
<testsuite hostname="DESKTOP-1C9UVEJ" failures="0" tests="4" name="TestNG_advantages.Priority" time="0.021" errors="0" timestamp="2022-08-22T09:58:24 IST" skipped="0">
  <testcase classname="TestNG_advantages.Priority" name="TC3" time="0.017"/>
  <system-out>
    <![CDATA[fine]]>
  </system-out>
  <testcase classname="TestNG_advantages.Priority" name="TC1" time="0.002"/>
  <system-out>
    <![CDATA[how r u]]>
  </system-out>
  <testcase classname="TestNG_advantages.Priority" name="TC4" time="0.001"/>
  <system-out>
    <![CDATA[hii]]>
  </system-out>
  <testcase classname="TestNG_advantages.Priority" name="TC2" time="0.001"/>
  <system-out>
    <![CDATA[hello]]>
  </system-out>
</testsuite> <!-- TestNG_advantages.Priority -->
