<?xml version="1.0" encoding="UTF-8"?>
<!-- Generated by org.testng.reporters.JUnitReportReporter -->
<testsuite hostname="DESKTOP-1C9UVEJ" failures="0" tests="3" name="TestNG_advantages.Sample2" time="0.012" errors="0" timestamp="2022-08-20T11:57:43 IST" skipped="0">
  <testcase classname="TestNG_advantages.Sample2" name="TC5" time="0.010"/>
  <system-out>
    <![CDATA[Running tc5]]>
  </system-out>
  <testcase classname="TestNG_advantages.Sample2" name="TC6" time="0.001"/>
  <system-out>
    <![CDATA[Running tc6]]>
  </system-out>
  <testcase classname="TestNG_advantages.Sample2" name="Tc4" time="0.001"/>
  <system-out>
    <![CDATA[Running tc4]]>
  </system-out>
</testsuite> <!-- TestNG_advantages.Sample2 -->
