<?xml version="1.0" encoding="UTF-8"?>
<!-- Generated by org.testng.reporters.JUnitReportReporter -->
<testsuite hostname="DESKTOP-1C9UVEJ" failures="0" tests="5" name="TestNG_advantages.Flags" time="0.002" errors="0" timestamp="2022-08-20T11:52:01 IST" skipped="0">
  <testcase classname="TestNG_advantages.Flags" name="TC" time="0.000"/>
  <system-out>
    <![CDATA[running tc]]>
  </system-out>
  <testcase classname="TestNG_advantages.Flags" name="TC" time="0.000"/>
  <system-out>
    <![CDATA[running tc]]>
  </system-out>
  <testcase classname="TestNG_advantages.Flags" name="TC" time="0.000"/>
  <system-out>
    <![CDATA[running tc]]>
  </system-out>
  <testcase classname="TestNG_advantages.Flags" name="TC" time="0.001"/>
  <system-out>
    <![CDATA[running tc]]>
  </system-out>
  <testcase classname="TestNG_advantages.Flags" name="TC" time="0.001"/>
  <system-out>
    <![CDATA[running tc]]>
  </system-out>
</testsuite> <!-- TestNG_advantages.Flags -->
