<?xml version="1.0" encoding="UTF-8"?>
<!-- Generated by org.testng.reporters.JUnitReportReporter -->
<testsuite hostname="DESKTOP-1C9UVEJ" failures="0" tests="2" name="TestNG_advantages.Priority1" time="0.016" errors="0" timestamp="2022-08-22T10:03:28 IST" skipped="0">
  <testcase classname="TestNG_advantages.Priority1" name="TC2" time="0.015"/>
  <system-out>
    <![CDATA[hello]]>
  </system-out>
  <testcase classname="TestNG_advantages.Priority1" name="TC1" time="0.001"/>
  <system-out>
    <![CDATA[hi]]>
  </system-out>
</testsuite> <!-- TestNG_advantages.Priority1 -->
