<?xml version="1.0" encoding="UTF-8"?>
<!-- Generated by org.testng.reporters.JUnitReportReporter -->
<testsuite hostname="DESKTOP-1C9UVEJ" failures="0" tests="1" name="testNg_programs.Assert_true" time="0.021" errors="0" timestamp="2022-08-22T22:23:59 IST" skipped="0">
  <testcase classname="testNg_programs.Assert_true" name="TC3" time="0.021"/>
  <system-out>
    <![CDATA[running TC3]]>
  </system-out>
</testsuite> <!-- testNg_programs.Assert_true -->
