<?xml version="1.0" encoding="UTF-8"?>
<!-- Generated by org.testng.reporters.JUnitReportReporter -->
<testsuite hostname="DESKTOP-1C9UVEJ" failures="0" tests="2" name="POM_with_ddf_using_testNg.KIteTestPageT" time="9.211" errors="0" timestamp="2022-08-23T23:35:15 IST" skipped="0">
  <testcase classname="POM_with_ddf_using_testNg.KIteTestPageT" name="openBrowser" time="7.336"/>
  <system-out/>
  <testcase classname="POM_with_ddf_using_testNg.KIteTestPageT" name="verifyUSERID" time="1.875"/>
  <system-out>
    <![CDATA[running verify user ID]]>
  </system-out>
</testsuite> <!-- POM_with_ddf_using_testNg.KIteTestPageT -->
