<?xml version="1.0" encoding="UTF-8"?>
<!-- Generated by org.testng.reporters.JUnitReportReporter -->
<testsuite hostname="DESKTOP-1C9UVEJ" failures="0" tests="1" name="testNg_programs.B" time="7.549" errors="0" timestamp="2022-08-20T10:32:37 IST" skipped="0">
  <testcase classname="testNg_programs.B" name="TC2" time="7.549"/>
  <system-out/>
</testsuite> <!-- testNg_programs.B -->
