<?xml version="1.0" encoding="UTF-8"?>
<!-- Generated by org.testng.reporters.JUnitReportReporter -->
<testsuite hostname="DESKTOP-1C9UVEJ" failures="0" tests="1" name="TestNG_advantages.Emailable_Report" time="0.002" errors="0" timestamp="2022-08-20T11:52:01 IST" skipped="0">
  <testcase classname="TestNG_advantages.Emailable_Report" name="Tc" time="0.002"/>
  <system-out>
    <![CDATA[hii]]>
  </system-out>
</testsuite> <!-- TestNG_advantages.Emailable_Report -->
