<?xml version="1.0" encoding="UTF-8"?>
<!-- Generated by org.testng.reporters.JUnitReportReporter -->
<testsuite hostname="DESKTOP-1C9UVEJ" failures="0" tests="3" name="testNg_programs.Multibrowser" time="58.773" errors="0" timestamp="2022-08-22T10:26:00 IST" skipped="0">
  <testcase classname="testNg_programs.Multibrowser" name="TC1" time="17.533"/>
  <system-out/>
  <testcase classname="testNg_programs.Multibrowser" name="TC1" time="19.565"/>
  <system-out/>
  <testcase classname="testNg_programs.Multibrowser" name="TC1" time="21.675"/>
  <system-out/>
</testsuite> <!-- testNg_programs.Multibrowser -->
