<?xml version="1.0" encoding="UTF-8"?>
<!-- Generated by org.testng.reporters.JUnitReportReporter -->
<testsuite hostname="DESKTOP-1C9UVEJ" failures="0" tests="1" name="POM_with_ddf_using_testNg.ActitimeTestPageT" time="11.798" errors="0" timestamp="2022-08-24T09:27:47 IST" skipped="0">
  <testcase classname="POM_with_ddf_using_testNg.ActitimeTestPageT" name="openBrowser" time="11.798"/>
  <system-out/>
</testsuite> <!-- POM_with_ddf_using_testNg.ActitimeTestPageT -->
