<?xml version="1.0" encoding="UTF-8"?>
<!-- Generated by org.testng.reporters.JUnitReportReporter -->
<testsuite hostname="DESKTOP-1C9UVEJ" failures="0" tests="2" name="testNg_programs.Multibrowse1" time="34.965" errors="0" timestamp="2022-08-22T10:21:43 IST" skipped="0">
  <testcase classname="testNg_programs.Multibrowse1" name="TC1" time="26.665"/>
  <system-out/>
  <testcase classname="testNg_programs.Multibrowse1" name="TC1" time="8.300"/>
  <system-out/>
</testsuite> <!-- testNg_programs.Multibrowse1 -->
