<?xml version="1.0" encoding="UTF-8"?>
<!-- Generated by org.testng.reporters.JUnitReportReporter -->
<testsuite hostname="DESKTOP-1C9UVEJ" failures="0" tests="1" name="TestNG_advantages.Timeout" time="0.007" errors="0" timestamp="2022-08-20T11:52:01 IST" skipped="0">
  <testcase classname="TestNG_advantages.Timeout" name="TC" time="0.007"/>
  <system-out>
    <![CDATA[hii]]>
  </system-out>
</testsuite> <!-- TestNG_advantages.Timeout -->
