<?xml version="1.0" encoding="UTF-8"?>
<!-- Generated by org.testng.reporters.JUnitReportReporter -->
<testsuite hostname="DESKTOP-1C9UVEJ" failures="0" tests="1" name="testNG.Emailable_Report" time="0.015" errors="0" timestamp="2022-08-18T09:42:47 IST" skipped="0">
  <testcase classname="testNG.Emailable_Report" name="Tc" time="0.015"/>
  <system-out>
    <![CDATA[hii]]>
  </system-out>
</testsuite> <!-- testNG.Emailable_Report -->
