<?xml version="1.0" encoding="UTF-8"?>
<!-- Generated by org.testng.reporters.JUnitReportReporter -->
<testsuite hostname="DESKTOP-1C9UVEJ" failures="0" tests="1" name="testNg_programs.Assert_equal" time="0.017" errors="0" timestamp="2022-08-22T22:17:06 IST" skipped="0">
  <testcase classname="testNg_programs.Assert_equal" name="TC1" time="0.017"/>
  <system-out>
    <![CDATA[TC1 is running]]>
  </system-out>
</testsuite> <!-- testNg_programs.Assert_equal -->
