<?xml version="1.0" encoding="UTF-8"?>
<!-- Generated by org.testng.reporters.JUnitReportReporter -->
<testsuite hostname="DESKTOP-1C9UVEJ" failures="0" tests="1" name="TestNG_advantages.E2" time="0.000" errors="0" timestamp="2022-08-20T11:52:01 IST" skipped="0">
  <testcase classname="TestNG_advantages.E2" name="TC" time="0.000"/>
  <system-out>
    <![CDATA[Hello]]>
  </system-out>
</testsuite> <!-- TestNG_advantages.E2 -->
