<?xml version="1.0" encoding="UTF-8"?>
<!-- Generated by org.testng.reporters.JUnitReportReporter -->
<testsuite hostname="DESKTOP-1C9UVEJ" failures="0" tests="2" name="TestNG_advantages.Priority2" time="0.019" errors="0" timestamp="2022-08-22T10:07:15 IST" skipped="0">
  <testcase classname="TestNG_advantages.Priority2" name="TC1" time="0.017"/>
  <system-out>
    <![CDATA[hii]]>
  </system-out>
  <testcase classname="TestNG_advantages.Priority2" name="TC2" time="0.002"/>
  <system-out>
    <![CDATA[hello]]>
  </system-out>
</testsuite> <!-- TestNG_advantages.Priority2 -->
