<?xml version="1.0" encoding="UTF-8"?>
<!-- Generated by org.testng.reporters.JUnitReportReporter -->
<testsuite hostname="DESKTOP-1C9UVEJ" failures="0" tests="1" name="testNg_programs.A" time="8.025" errors="0" timestamp="2022-08-20T10:32:37 IST" skipped="0">
  <testcase classname="testNg_programs.A" name="TC1" time="8.025"/>
  <system-out/>
</testsuite> <!-- testNg_programs.A -->
