<?xml version="1.0" encoding="UTF-8"?>
<!-- Generated by org.testng.reporters.JUnitReportReporter -->
<testsuite hostname="DESKTOP-1C9UVEJ" failures="0" tests="1" name="testNg_programs.Assert_notequal" time="0.022" errors="0" timestamp="2022-08-22T22:21:19 IST" skipped="0">
  <testcase classname="testNg_programs.Assert_notequal" name="TC2" time="0.022"/>
  <system-out>
    <![CDATA[Running TC2]]>
  </system-out>
</testsuite> <!-- testNg_programs.Assert_notequal -->
